<?xml version="1.0" encoding="UTF-8"?>
<!-- Generated by org.testng.reporters.JUnitXMLReporter -->
<testsuite hostname="MNIDSK0024" name="edgeTest" tests="1" failures="0" timestamp="17 Sep 2018 09:32:46 GMT" time="0.005" errors="0">
  <testcase name="@BeforeTest openBrowserAndApps" time="0.0" classname="com.meganexus.tr.links_test.BrokenLinksTest">
    <failure type="java.lang.NullPointerException">
      <![CDATA[java.lang.NullPointerException
	at com.meganexus.utills.BasicUtill.openBrowser(BasicUtill.java:43)
	at com.meganexus.trpages.LoginPage.openApps(LoginPage.java:11)
	at com.meganexus.tr.links_test.BrokenLinksTest.openBrowserAndApps(BrokenLinksTest.java:24)
... Removed 23 stack frames]]>
    </failure>
  </testcase> <!-- @BeforeTest openBrowserAndApps -->
  <testcase name="@BeforeMethod loginTest" time="0.0" classname="com.meganexus.tr.links_test.BrokenLinksTest">
    <skipped/>
  </testcase> <!-- @BeforeMethod loginTest -->
  <testcase name="@AfterTest closeBrowser" time="0.0" classname="com.meganexus.tr.links_test.BrokenLinksTest">
    <skipped/>
  </testcase> <!-- @AfterTest closeBrowser -->
  <testcase name="linkTest" time="0.0" classname="com.meganexus.tr.links_test.BrokenLinksTest">
    <skipped/>
  </testcase> <!-- linkTest -->
</testsuite> <!-- edgeTest -->
