<?xml version="1.0" encoding="UTF-8"?>
<!-- Generated by org.testng.reporters.JUnitXMLReporter -->
<testsuite hostname="MNIDSK0024" name="edgeTest" tests="1" failures="0" timestamp="17 Sep 2018 09:39:38 GMT" time="0.05" errors="0">
  <testcase name="@BeforeTest openBrowserAndApps" time="0.0" classname="com.meganexus.tr.links_test.BrokenLinksTest">
    <failure type="java.lang.NullPointerException">
      <![CDATA[java.lang.NullPointerException
	at com.meganexus.utills.BasicUtill.openBrowser(BasicUtill.java:43)
	at com.meganexus.trpages.LoginPage.openApps(LoginPage.java:11)
	at com.meganexus.tr.links_test.BrokenLinksTest.openBrowserAndApps(BrokenLinksTest.java:24)
	at java.util.concurrent.FutureTask.run(FutureTask.java:266)
	at java.util.concurrent.ThreadPoolExecutor.runWorker(ThreadPoolExecutor.java:1142)
	at java.util.concurrent.ThreadPoolExecutor$Worker.run(ThreadPoolExecutor.java:617)
	at java.lang.Thread.run(Thread.java:745)
... Removed 14 stack frames]]>
    </failure>
  </testcase> <!-- @BeforeTest openBrowserAndApps -->
  <testcase name="@BeforeMethod loginTest" time="0.0" classname="com.meganexus.tr.links_test.BrokenLinksTest">
    <skipped/>
  </testcase> <!-- @BeforeMethod loginTest -->
  <testcase name="@AfterTest closeBrowser" time="0.0" classname="com.meganexus.tr.links_test.BrokenLinksTest">
    <skipped/>
  </testcase> <!-- @AfterTest closeBrowser -->
  <testcase name="linkTest" time="0.001" classname="com.meganexus.tr.links_test.BrokenLinksTest">
    <skipped/>
  </testcase> <!-- linkTest -->
</testsuite> <!-- edgeTest -->
